==18962== Memcheck, a memory error detector
==18962== Copyright (C) 2002-2015, and GNU GPL'd, by Julian Seward et al.
==18962== Using Valgrind-3.11.0 and LibVEX; rerun with -h for copyright info
==18962== Command: ./usort -m 32
==18962== 
==19020== 
==19020== HEAP SUMMARY:
==19020==     in use at exit: 0 bytes in 0 blocks
==19020==   total heap usage: 8 allocs, 8 frees, 13,228 bytes allocated
==19020== 
==19020== All heap blocks were freed -- no leaks are possible
==19020== 
==19020== For counts of detected and suppressed errors, rerun with: -v
==19020== ERROR SUMMARY: 0 errors from 0 contexts (suppressed: 0 from 0)
==18962== 
==18962== HEAP SUMMARY:
==18962==     in use at exit: 0 bytes in 0 blocks
==18962==   total heap usage: 8 allocs, 8 frees, 13,228 bytes allocated
==18962== 
==18962== All heap blocks were freed -- no leaks are possible
==18962== 
==18962== For counts of detected and suppressed errors, rerun with: -v
==18962== ERROR SUMMARY: 0 errors from 0 contexts (suppressed: 0 from 0)
==19021== Memcheck, a memory error detector
==19021== Copyright (C) 2002-2015, and GNU GPL'd, by Julian Seward et al.
==19021== Using Valgrind-3.11.0 and LibVEX; rerun with -h for copyright info
==19021== Command: ./psort -m 32
==19021== 
==19077== 
==19077== HEAP SUMMARY:
==19077==     in use at exit: 0 bytes in 0 blocks
==19077==   total heap usage: 8 allocs, 8 frees, 13,228 bytes allocated
==19077== 
==19077== All heap blocks were freed -- no leaks are possible
==19077== 
==19077== For counts of detected and suppressed errors, rerun with: -v
==19077== ERROR SUMMARY: 0 errors from 0 contexts (suppressed: 0 from 0)
==19021== 
==19021== HEAP SUMMARY:
==19021==     in use at exit: 0 bytes in 0 blocks
==19021==   total heap usage: 8 allocs, 8 frees, 13,228 bytes allocated
==19021== 
==19021== All heap blocks were freed -- no leaks are possible
==19021== 
==19021== For counts of detected and suppressed errors, rerun with: -v
==19021== ERROR SUMMARY: 0 errors from 0 contexts (suppressed: 0 from 0)
