==12736== Memcheck, a memory error detector
==12736== Copyright (C) 2002-2015, and GNU GPL'd, by Julian Seward et al.
==12736== Using Valgrind-3.11.0 and LibVEX; rerun with -h for copyright info
==12736== Command: ./manpage
==12736== 
==12736== 
==12736== Process terminating with default action of signal 2 (SIGINT)
==12736==    at 0x4E4298D: pthread_join (pthread_join.c:90)
==12736==    by 0x400B9A: manpage (manpage.c:100)
==12736==    by 0x400F97: main (in /afs/cats.ucsc.edu/users/d/ggravall/CSE130/Assignment3/manpage)
==12736== 
==12736== HEAP SUMMARY:
==12736==     in use at exit: 1,632 bytes in 6 blocks
==12736==   total heap usage: 13 allocs, 7 frees, 7,694 bytes allocated
==12736== 
==12736== 1,632 bytes in 6 blocks are possibly lost in loss record 1 of 1
==12736==    at 0x4C2FB55: calloc (in /usr/lib/valgrind/vgpreload_memcheck-amd64-linux.so)
==12736==    by 0x40138E4: allocate_dtv (dl-tls.c:322)
==12736==    by 0x40138E4: _dl_allocate_tls (dl-tls.c:539)
==12736==    by 0x4E4226E: allocate_stack (allocatestack.c:588)
==12736==    by 0x4E4226E: pthread_create@@GLIBC_2.2.5 (pthread_create.c:539)
==12736==    by 0x400B70: manpage (manpage.c:97)
==12736==    by 0x400F97: main (in /afs/cats.ucsc.edu/users/d/ggravall/CSE130/Assignment3/manpage)
==12736== 
==12736== LEAK SUMMARY:
==12736==    definitely lost: 0 bytes in 0 blocks
==12736==    indirectly lost: 0 bytes in 0 blocks
==12736==      possibly lost: 1,632 bytes in 6 blocks
==12736==    still reachable: 0 bytes in 0 blocks
==12736==         suppressed: 0 bytes in 0 blocks
==12736== 
==12736== For counts of detected and suppressed errors, rerun with: -v
==12736== ERROR SUMMARY: 1 errors from 1 contexts (suppressed: 0 from 0)
==14681== Memcheck, a memory error detector
==14681== Copyright (C) 2002-2015, and GNU GPL'd, by Julian Seward et al.
==14681== Using Valgrind-3.11.0 and LibVEX; rerun with -h for copyright info
==14681== Command: ./cartman -s
==14681== 
==14681== 
==14681== HEAP SUMMARY:
==14681==     in use at exit: 0 bytes in 0 blocks
==14681==   total heap usage: 14 allocs, 14 frees, 15,194 bytes allocated
==14681== 
==14681== All heap blocks were freed -- no leaks are possible
==14681== 
==14681== For counts of detected and suppressed errors, rerun with: -v
==14681== ERROR SUMMARY: 0 errors from 0 contexts (suppressed: 0 from 0)
