==22897== Memcheck, a memory error detector
==22897== Copyright (C) 2002-2015, and GNU GPL'd, by Julian Seward et al.
==22897== Using Valgrind-3.11.0 and LibVEX; rerun with -h for copyright info
==22897== Command: ./fileman -b
==22897== 
==22897== 
==22897== HEAP SUMMARY:
==22897==     in use at exit: 0 bytes in 0 blocks
==22897==   total heap usage: 1 allocs, 1 frees, 4,096 bytes allocated
==22897== 
==22897== All heap blocks were freed -- no leaks are possible
==22897== 
==22897== For counts of detected and suppressed errors, rerun with: -v
==22897== ERROR SUMMARY: 0 errors from 0 contexts (suppressed: 0 from 0)
==23034== Memcheck, a memory error detector
==23034== Copyright (C) 2002-2015, and GNU GPL'd, by Julian Seward et al.
==23034== Using Valgrind-3.11.0 and LibVEX; rerun with -h for copyright info
==23034== Command: ./fileman -a
==23034== 
==23034== 
==23034== HEAP SUMMARY:
==23034==     in use at exit: 0 bytes in 0 blocks
==23034==   total heap usage: 2 allocs, 2 frees, 12,288 bytes allocated
==23034== 
==23034== All heap blocks were freed -- no leaks are possible
==23034== 
==23034== For counts of detected and suppressed errors, rerun with: -v
==23034== ERROR SUMMARY: 0 errors from 0 contexts (suppressed: 0 from 0)
==23205== Memcheck, a memory error detector
==23205== Copyright (C) 2002-2015, and GNU GPL'd, by Julian Seward et al.
==23205== Using Valgrind-3.11.0 and LibVEX; rerun with -h for copyright info
==23205== Command: ./fileman -s
==23205== 
==23205== 
==23205== HEAP SUMMARY:
==23205==     in use at exit: 0 bytes in 0 blocks
==23205==   total heap usage: 111 allocs, 111 frees, 2,550,569,576 bytes allocated
==23205== 
==23205== All heap blocks were freed -- no leaks are possible
==23205== 
==23205== For counts of detected and suppressed errors, rerun with: -v
==23205== ERROR SUMMARY: 0 errors from 0 contexts (suppressed: 0 from 0)
==24981== Memcheck, a memory error detector
==24981== Copyright (C) 2002-2015, and GNU GPL'd, by Julian Seward et al.
==24981== Using Valgrind-3.11.0 and LibVEX; rerun with -h for copyright info
==24981== Command: ./fileman -e
==24981== 
==24981== 
==24981== HEAP SUMMARY:
==24981==     in use at exit: 0 bytes in 0 blocks
==24981==   total heap usage: 114 allocs, 114 frees, 2,617,678,474 bytes allocated
==24981== 
==24981== All heap blocks were freed -- no leaks are possible
==24981== 
==24981== For counts of detected and suppressed errors, rerun with: -v
==24981== ERROR SUMMARY: 0 errors from 0 contexts (suppressed: 0 from 0)
